nohup: ignoring input
母集団: 34,789 works
既取得済み: 0 works（スキップ）
今回取得対象: 34,789 works
  20/696 バッチ完了 (2.9%) ヒット=45 ミス=955
  40/696 バッチ完了 (5.7%) ヒット=87 ミス=1913
  60/696 バッチ完了 (8.6%) ヒット=121 ミス=2879
  ERROR (attempt 1): HTTPSConnectionPool(host='query.wikidata.org', port=443): Read timed out. (read timeout=30)
  80/696 バッチ完了 (11.5%) ヒット=166 ミス=3834
  100/696 バッチ完了 (14.4%) ヒット=206 ミス=4794
  120/696 バッチ完了 (17.2%) ヒット=239 ミス=5761
  140/696 バッチ完了 (20.1%) ヒット=276 ミス=6724
  160/696 バッチ完了 (23.0%) ヒット=314 ミス=7686
  180/696 バッチ完了 (25.9%) ヒット=358 ミス=8642
  200/696 バッチ完了 (28.7%) ヒット=390 ミス=9610
  220/696 バッチ完了 (31.6%) ヒット=418 ミス=10582
  240/696 バッチ完了 (34.5%) ヒット=452 ミス=11548
  260/696 バッチ完了 (37.4%) ヒット=499 ミス=12501
  280/696 バッチ完了 (40.2%) ヒット=528 ミス=13472
  300/696 バッチ完了 (43.1%) ヒット=560 ミス=14440
  320/696 バッチ完了 (46.0%) ヒット=594 ミス=15406
  340/696 バッチ完了 (48.9%) ヒット=627 ミス=16373
  360/696 バッチ完了 (51.7%) ヒット=667 ミス=17333
  380/696 バッチ完了 (54.6%) ヒット=705 ミス=18295
  400/696 バッチ完了 (57.5%) ヒット=739 ミス=19261
  420/696 バッチ完了 (60.3%) ヒット=784 ミス=20216
  440/696 バッチ完了 (63.2%) ヒット=827 ミス=21173
  460/696 バッチ完了 (66.1%) ヒット=863 ミス=22137
  480/696 バッチ完了 (69.0%) ヒット=908 ミス=23092
  500/696 バッチ完了 (71.8%) ヒット=947 ミス=24053
  520/696 バッチ完了 (74.7%) ヒット=978 ミス=25022
  540/696 バッチ完了 (77.6%) ヒット=1022 ミス=25978
  560/696 バッチ完了 (80.5%) ヒット=1061 ミス=26939
  580/696 バッチ完了 (83.3%) ヒット=1101 ミス=27899
  600/696 バッチ完了 (86.2%) ヒット=1148 ミス=28852
  620/696 バッチ完了 (89.1%) ヒット=1180 ミス=29820
  ERROR (attempt 1): HTTPSConnectionPool(host='query.wikidata.org', port=443): Read timed out. (read timeout=30)
  640/696 バッチ完了 (92.0%) ヒット=1230 ミス=30770
  660/696 バッチ完了 (94.8%) ヒット=1271 ミス=31729
  680/696 バッチ完了 (97.7%) ヒット=1314 ミス=32686

完了: ヒット=1,338 / ミス=33,451
ヒット率: 3.8%
→ derived/wikidata_sitelinks.tsv
