nohup: ignoring input
既取得済み: 0 works
総 works 数: 4833
  100/4833 完了
  200/4833 完了
  300/4833 完了
  400/4833 完了
  500/4833 完了
  600/4833 完了
  700/4833 完了
  800/4833 完了
  900/4833 完了
  1000/4833 完了
  1100/4833 完了
  1200/4833 完了
  1300/4833 完了
  1400/4833 完了
  1500/4833 完了
  1600/4833 完了
  1700/4833 完了
  1800/4833 完了
  1900/4833 完了
  2000/4833 完了
  2100/4833 完了
  2200/4833 完了
  2300/4833 完了
  2400/4833 完了
  2500/4833 完了
  2600/4833 完了
  2700/4833 完了
  2800/4833 完了
  2900/4833 完了
  3000/4833 完了
  3100/4833 完了
  3200/4833 完了
  SKIP OL459448W: HTTP 404
  SKIP OL459451W: HTTP 404
  SKIP OL459452W: HTTP 404
  3300/4833 完了
  3400/4833 完了
  3500/4833 完了
  3600/4833 完了
  3700/4833 完了
  3800/4833 完了
  SKIP OL5721563W: HTTP 404
  SKIP OL5721565W: HTTP 404
  3900/4833 完了
  4000/4833 完了
  4100/4833 完了
  4200/4833 完了
  4300/4833 完了
  4400/4833 完了
  4500/4833 完了
  4600/4833 完了
  4700/4833 完了
  4800/4833 完了
完了
