nohup: ignoring input
2026-03-10 23:09:03,408 母集団読み込み中: derived/ol_dump_population_with_author.tsv
2026-03-10 23:09:03,600   母集団: 34,789 行 → インデックス: 30,962 件 (スキップ: 49)
2026-03-10 23:09:03,601   著者姓なし: 305 件（著者情報欠損・title_only のみカウント）
2026-03-10 23:09:03,611 JSTORスキャン開始: data/jstor_metadata_2025-07-04.jsonl
2026-03-10 23:09:03,611   インデックスサイズ: 30,962 works
2026-03-10 23:49:53,378      1,000,000 lines /     933,919 articles | 40.8 min elapsed | ETA 464.7 min
2026-03-11 00:29:32,092      2,000,000 lines /   1,872,388 articles | 80.5 min elapsed | ETA 417.7 min
2026-03-11 01:06:52,399      3,000,000 lines /   2,766,885 articles | 117.8 min elapsed | ETA 368.4 min
2026-03-11 01:40:42,618      4,000,000 lines /   3,689,286 articles | 151.7 min elapsed | ETA 317.7 min
2026-03-11 02:13:04,877      5,000,000 lines /   4,670,494 articles | 184.0 min elapsed | ETA 271.6 min
2026-03-11 02:42:36,302      6,000,000 lines /   5,590,460 articles | 213.5 min elapsed | ETA 227.1 min
2026-03-11 03:16:26,513      7,000,000 lines /   6,539,122 articles | 247.4 min elapsed | ETA 190.2 min
2026-03-11 03:52:00,323      8,000,000 lines /   7,493,999 articles | 282.9 min elapsed | ETA 154.9 min
2026-03-11 07:54:23,772      9,000,000 lines /   8,428,553 articles | 525.3 min elapsed | ETA 197.3 min
2026-03-11 08:20:45,680     10,000,000 lines /   9,411,336 articles | 551.7 min elapsed | ETA 131.3 min
2026-03-11 08:47:12,828     11,000,000 lines /  10,388,799 articles | 578.2 min elapsed | ETA 72.6 min
2026-03-11 09:16:10,803     12,000,000 lines /  11,299,768 articles | 607.1 min elapsed | ETA 19.3 min
2026-03-11 09:30:13,785 スキャン完了: 12,380,553 lines / 11,657,976 articles / 621.2 min
2026-03-11 09:30:13,960 TSV出力: derived/jstor_mentions.tsv  (30,962 rows)
2026-03-11 09:30:13,970 =======================================================
2026-03-11 09:30:13,970 最終サマリー
2026-03-11 09:30:13,970 =======================================================
2026-03-11 09:30:13,970   全件数              : 30,962
2026-03-11 09:30:13,970   総マッチ件数        : 70,348
2026-03-11 09:30:13,972   ゼロヒット          : 27,481 (88.8%)
2026-03-11 09:30:13,972   1件以上             : 3,481 (11.2%)
2026-03-11 09:30:13,973   5件以上             : 845 (2.7%)
2026-03-11 09:30:13,973   10件以上            : 482 (1.6%)
2026-03-11 09:30:13,973   --- canonical 98件 ---
2026-03-11 09:30:13,973   canonical ゼロヒット: 28 (28.6%)
2026-03-11 09:30:13,973   canonical 1件以上   : 70 (71.4%)
2026-03-11 09:30:13,973   canonical 5件以上   : 55 (56.1%)
2026-03-11 09:30:13,973   canonical 中央値    : 6
2026-03-11 09:30:13,973   canonical 最大値    : 443
2026-03-11 09:30:13,973 完了。
