2026-03-09 23:10:43,254 母集団読み込み中: derived/ol_dump_population_with_canonical.tsv
2026-03-09 23:10:43,398   母集団: 34,789 行 → インデックス: 30,962 件 (スキップ: 49)
2026-03-09 23:10:43,400   著者姓なし: 30,962 件（著者情報欠損・title_only のみカウント）
2026-03-09 23:10:43,409 JSTORスキャン開始: data/jstor_metadata_2025-07-04.jsonl
2026-03-09 23:10:43,409   インデックスサイズ: 30,962 works
2026-03-09 23:45:39,027      1,000,000 lines /     933,919 articles | 34.9 min elapsed | ETA 397.5 min
2026-03-10 00:30:43,101      2,000,000 lines /   1,872,388 articles | 80.0 min elapsed | ETA 415.2 min
2026-03-10 01:10:15,402      3,000,000 lines /   2,766,885 articles | 119.5 min elapsed | ETA 373.8 min
2026-03-10 07:31:30,626      4,000,000 lines /   3,689,286 articles | 500.8 min elapsed | ETA 1049.2 min
2026-03-10 08:03:51,982      5,000,000 lines /   4,670,494 articles | 533.1 min elapsed | ETA 787.0 min
2026-03-10 08:32:38,192      6,000,000 lines /   5,590,460 articles | 561.9 min elapsed | ETA 597.6 min
2026-03-10 09:05:58,275      7,000,000 lines /   6,539,122 articles | 595.2 min elapsed | ETA 457.5 min
2026-03-10 09:40:46,374      8,000,000 lines /   7,493,999 articles | 630.0 min elapsed | ETA 345.0 min
2026-03-10 10:08:38,880      9,000,000 lines /   8,428,553 articles | 657.9 min elapsed | ETA 247.1 min
2026-03-10 10:34:09,274     10,000,000 lines /   9,411,336 articles | 683.4 min elapsed | ETA 162.7 min
2026-03-10 10:59:49,093     11,000,000 lines /  10,388,799 articles | 709.1 min elapsed | ETA 89.0 min
2026-03-10 11:27:39,190     12,000,000 lines /  11,299,768 articles | 736.9 min elapsed | ETA 23.4 min
2026-03-10 11:41:00,414 スキャン完了: 12,380,553 lines / 11,657,976 articles / 750.3 min
2026-03-10 11:41:00,508 TSV出力: derived/jstor_mentions.tsv  (30,962 rows)
2026-03-10 11:41:00,513 =======================================================
2026-03-10 11:41:00,513 最終サマリー
2026-03-10 11:41:00,513 =======================================================
2026-03-10 11:41:00,513   全件数              : 30,962
2026-03-10 11:41:00,513   総マッチ件数        : 0
2026-03-10 11:41:00,516   ゼロヒット          : 30,962 (100.0%)
2026-03-10 11:41:00,517   1件以上             : 0 (0.0%)
2026-03-10 11:41:00,518   5件以上             : 0 (0.0%)
2026-03-10 11:41:00,519   10件以上            : 0 (0.0%)
2026-03-10 11:41:00,519   --- canonical 98件 ---
2026-03-10 11:41:00,519   canonical ゼロヒット: 98 (100.0%)
2026-03-10 11:41:00,519   canonical 1件以上   : 0 (0.0%)
2026-03-10 11:41:00,519   canonical 5件以上   : 0 (0.0%)
2026-03-10 11:41:00,519   canonical 中央値    : 0
2026-03-10 11:41:00,520   canonical 最大値    : 0
2026-03-10 11:41:00,520 完了。
2026-03-10 15:06:19,710 母集団読み込み中: derived/ol_dump_population_with_author.tsv
2026-03-10 15:06:19,928   母集団: 34,789 行 → インデックス: 30,962 件 (スキップ: 49)
2026-03-10 15:06:19,929   著者姓なし: 305 件（著者情報欠損・title_only のみカウント）
2026-03-10 15:06:19,938 JSTORスキャン開始: data/jstor_metadata_2025-07-04.jsonl
2026-03-10 15:06:19,938   インデックスサイズ: 30,962 works
2026-03-10 15:43:04,050      1,000,000 lines /     933,919 articles | 36.7 min elapsed | ETA 418.1 min
2026-03-10 16:19:53,225      2,000,000 lines /   1,872,388 articles | 73.6 min elapsed | ETA 381.8 min
2026-03-10 17:00:01,081      3,000,000 lines /   2,766,885 articles | 113.7 min elapsed | ETA 355.5 min
2026-03-10 17:43:52,567      4,000,000 lines /   3,689,286 articles | 157.5 min elapsed | ETA 330.1 min
2026-03-10 18:27:26,480      5,000,000 lines /   4,670,494 articles | 201.1 min elapsed | ETA 296.9 min
2026-03-10 19:07:42,708      6,000,000 lines /   5,590,460 articles | 241.4 min elapsed | ETA 256.7 min
2026-03-10 19:50:53,488      7,000,000 lines /   6,539,122 articles | 284.6 min elapsed | ETA 218.7 min
2026-03-10 20:34:11,790      8,000,000 lines /   7,493,999 articles | 327.9 min elapsed | ETA 179.5 min
2026-03-10 22:41:51,873      9,000,000 lines /   8,428,553 articles | 455.5 min elapsed | ETA 171.1 min
2026-03-10 23:09:03,408 母集団読み込み中: derived/ol_dump_population_with_author.tsv
2026-03-10 23:09:03,600   母集団: 34,789 行 → インデックス: 30,962 件 (スキップ: 49)
2026-03-10 23:09:03,601   著者姓なし: 305 件（著者情報欠損・title_only のみカウント）
2026-03-10 23:09:03,611 JSTORスキャン開始: data/jstor_metadata_2025-07-04.jsonl
2026-03-10 23:09:03,611   インデックスサイズ: 30,962 works
2026-03-10 23:49:53,378      1,000,000 lines /     933,919 articles | 40.8 min elapsed | ETA 464.7 min
2026-03-11 00:29:32,092      2,000,000 lines /   1,872,388 articles | 80.5 min elapsed | ETA 417.7 min
2026-03-11 01:06:52,399      3,000,000 lines /   2,766,885 articles | 117.8 min elapsed | ETA 368.4 min
2026-03-11 01:40:42,618      4,000,000 lines /   3,689,286 articles | 151.7 min elapsed | ETA 317.7 min
2026-03-11 02:13:04,877      5,000,000 lines /   4,670,494 articles | 184.0 min elapsed | ETA 271.6 min
2026-03-11 02:42:36,302      6,000,000 lines /   5,590,460 articles | 213.5 min elapsed | ETA 227.1 min
2026-03-11 03:16:26,513      7,000,000 lines /   6,539,122 articles | 247.4 min elapsed | ETA 190.2 min
2026-03-11 03:52:00,323      8,000,000 lines /   7,493,999 articles | 282.9 min elapsed | ETA 154.9 min
2026-03-11 07:54:23,772      9,000,000 lines /   8,428,553 articles | 525.3 min elapsed | ETA 197.3 min
2026-03-11 08:20:45,680     10,000,000 lines /   9,411,336 articles | 551.7 min elapsed | ETA 131.3 min
2026-03-11 08:47:12,828     11,000,000 lines /  10,388,799 articles | 578.2 min elapsed | ETA 72.6 min
2026-03-11 09:16:10,803     12,000,000 lines /  11,299,768 articles | 607.1 min elapsed | ETA 19.3 min
2026-03-11 09:30:13,785 スキャン完了: 12,380,553 lines / 11,657,976 articles / 621.2 min
2026-03-11 09:30:13,960 TSV出力: derived/jstor_mentions.tsv  (30,962 rows)
2026-03-11 09:30:13,970 =======================================================
2026-03-11 09:30:13,970 最終サマリー
2026-03-11 09:30:13,970 =======================================================
2026-03-11 09:30:13,970   全件数              : 30,962
2026-03-11 09:30:13,970   総マッチ件数        : 70,348
2026-03-11 09:30:13,972   ゼロヒット          : 27,481 (88.8%)
2026-03-11 09:30:13,972   1件以上             : 3,481 (11.2%)
2026-03-11 09:30:13,973   5件以上             : 845 (2.7%)
2026-03-11 09:30:13,973   10件以上            : 482 (1.6%)
2026-03-11 09:30:13,973   --- canonical 98件 ---
2026-03-11 09:30:13,973   canonical ゼロヒット: 28 (28.6%)
2026-03-11 09:30:13,973   canonical 1件以上   : 70 (71.4%)
2026-03-11 09:30:13,973   canonical 5件以上   : 55 (56.1%)
2026-03-11 09:30:13,973   canonical 中央値    : 6
2026-03-11 09:30:13,973   canonical 最大値    : 443
2026-03-11 09:30:13,973 完了。
